<?xml version="1.0" encoding="UTF-8"?>
<!-- Generated by org.testng.reporters.JUnitReportReporter -->
<testsuite skipped="0" hostname="LAPTOP-EUI09ITD" name="runners.OpenAccount" tests="1" failures="0" timestamp="28 Mar 2018 03:41:07 GMT" time="39.159" errors="0">
  <testcase name="feature" time="39.159" classname="runners.OpenAccount"/>
</testsuite> <!-- runners.OpenAccount -->
